<?xml version="1.0" encoding="UTF-8" ?>
<testsuite tests="15" failures="0" name="DictionaryOfManyTranslationsTest" time="0.047" errors="0" skipped="0">
  <properties>
    <property name="java.runtime.name" value="OpenJDK Runtime Environment"/>
    <property name="java.vm.version" value="11.0.7+10"/>
    <property name="sun.boot.library.path" value="C:\Program Files\AdoptOpenJDK\jdk-11.0.7.10-hotspot\bin"/>
    <property name="maven.multiModuleProjectDirectory" value="C:\Users\TonyC\OneDrive\Documents\NetBeansProjects\mooc-java-programming-ii\part08-Part08_14.DictionaryOfManyTranslations"/>
    <property name="java.vm.vendor" value="AdoptOpenJDK"/>
    <property name="java.vendor.url" value="https://adoptopenjdk.net/"/>
    <property name="guice.disable.misplaced.annotation.check" value="true"/>
    <property name="path.separator" value=";"/>
    <property name="java.vm.name" value="OpenJDK 64-Bit Server VM"/>
    <property name="sun.os.patch.level" value=""/>
    <property name="user.script" value=""/>
    <property name="user.country" value="US"/>
    <property name="sun.java.launcher" value="SUN_STANDARD"/>
    <property name="test" value="DictionaryOfManyTranslationsTest"/>
    <property name="java.vm.specification.name" value="Java Virtual Machine Specification"/>
    <property name="user.dir" value="C:\Users\TonyC\OneDrive\Documents\NetBeansProjects\mooc-java-programming-ii\part08-Part08_14.DictionaryOfManyTranslations"/>
    <property name="java.vm.compressedOopsMode" value="Zero based"/>
    <property name="java.runtime.version" value="11.0.7+10"/>
    <property name="java.awt.graphicsenv" value="sun.awt.Win32GraphicsEnvironment"/>
    <property name="os.arch" value="amd64"/>
    <property name="java.io.tmpdir" value="C:\Users\TonyC\AppData\Local\Temp\"/>
    <property name="line.separator" value="
"/>
    <property name="java.vm.specification.vendor" value="Oracle Corporation"/>
    <property name="user.variant" value=""/>
    <property name="os.name" value="Windows 10"/>
    <property name="classworlds.conf" value="C:\Program Files\TMCBeans\java\maven\bin\m2.conf"/>
    <property name="sun.jnu.encoding" value="Cp1252"/>
    <property name="java.library.path" value="C:\Program Files\AdoptOpenJDK\jdk-11.0.7.10-hotspot\bin;C:\WINDOWS\Sun\Java\bin;C:\WINDOWS\system32;C:\WINDOWS;C:\Program Files\AdoptOpenJDK\jdk-11.0.7.10-hotspot\bin;C:\Program Files\Java\jdk-12.0.2\bin;C:\WINDOWS\system32;C:\WINDOWS;C:\WINDOWS\System32\Wbem;C:\WINDOWS\System32\WindowsPowerShell\v1.0\;C:\WINDOWS\System32\OpenSSH\;C:\sqlite;C:\Program Files\Git\cmd;C:\Program Files\nodejs\;C:\Program Files\NVIDIA Corporation\NVIDIA NvDLISR;C:\Users\TonyC\AppData\Local\Microsoft\WindowsApps;C:\Program Files\Intel\WiFi\bin\;C:\Program Files\Common Files\Intel\WirelessCommon\;;C:\Program Files\JetBrains\PyCharm Community Edition 2019.1.1\bin;;C:\Program Files\JetBrains\IntelliJ IDEA 2019.2.1\bin;;C:\Users\TonyC\AppData\Local\Programs\Microsoft VS Code\bin;C:\Users\TonyC\AppData\Roaming\npm;."/>
    <property name="jdk.debug" value="release"/>
    <property name="java.class.version" value="55.0"/>
    <property name="java.specification.name" value="Java Platform API Specification"/>
    <property name="sun.management.compiler" value="HotSpot 64-Bit Tiered Compilers"/>
    <property name="os.version" value="10.0"/>
    <property name="user.home" value="C:\Users\TonyC"/>
    <property name="user.timezone" value="America/New_York"/>
    <property name="java.awt.printerjob" value="sun.awt.windows.WPrinterJob"/>
    <property name="file.encoding" value="UTF-8"/>
    <property name="java.specification.version" value="11"/>
    <property name="user.name" value="TonyC"/>
    <property name="java.class.path" value="C:\Program Files\TMCBeans\java\maven\boot\plexus-classworlds-2.5.2.jar"/>
    <property name="org.slf4j.simpleLogger.defaultLogLevel" value="error"/>
    <property name="java.vm.specification.version" value="11"/>
    <property name="sun.arch.data.model" value="64"/>
    <property name="sun.java.command" value="org.codehaus.plexus.classworlds.launcher.Launcher -Dtest=DictionaryOfManyTranslationsTest -Dfile.encoding=UTF-8 -T=1 -q surefire:test"/>
    <property name="java.home" value="C:\Program Files\AdoptOpenJDK\jdk-11.0.7.10-hotspot"/>
    <property name="user.language" value="en"/>
    <property name="java.specification.vendor" value="Oracle Corporation"/>
    <property name="awt.toolkit" value="sun.awt.windows.WToolkit"/>
    <property name="java.vm.info" value="mixed mode"/>
    <property name="java.version" value="11.0.7"/>
    <property name="java.vendor" value="AdoptOpenJDK"/>
    <property name="maven.home" value="C:\Program Files\TMCBeans\java\maven"/>
    <property name="file.separator" value="\"/>
    <property name="java.version.date" value="2020-04-14"/>
    <property name="java.vendor.url.bug" value="https://github.com/AdoptOpenJDK/openjdk-support/issues"/>
    <property name="sun.io.unicode.encoding" value="UnicodeLittle"/>
    <property name="sun.cpu.endian" value="little"/>
    <property name="java.vendor.version" value="AdoptOpenJDK"/>
    <property name="sun.desktop" value="windows"/>
    <property name="sun.cpu.isalist" value="amd64"/>
  </properties>
  <testcase classname="DictionaryOfManyTranslationsTest" name="translateMethod" time="0.04"/>
  <testcase classname="DictionaryOfManyTranslationsTest" name="testAddingAndRemovingMultipleWords" time="0.004"/>
  <testcase classname="DictionaryOfManyTranslationsTest" name="removeMethod" time="0"/>
  <testcase classname="DictionaryOfManyTranslationsTest" name="emptyConstructor" time="0"/>
  <testcase classname="DictionaryOfManyTranslationsTest" name="addMethod" time="0"/>
  <testcase classname="DictionaryOfManyTranslationsTest" name="manyWordsTranslationsAndRemovals" time="0.001"/>
  <testcase classname="DictionaryOfManyTranslationsTest" name="testAddingManyTranslations" time="0"/>
  <testcase classname="DictionaryOfManyTranslationsTest" name="removeExisting" time="0"/>
  <testcase classname="DictionaryOfManyTranslationsTest" name="translateMethodWordNotAdded" time="0"/>
  <testcase classname="DictionaryOfManyTranslationsTest" name="classIsPublic" time="0"/>
  <testcase classname="DictionaryOfManyTranslationsTest" name="translateMethodManyWords" time="0"/>
  <testcase classname="DictionaryOfManyTranslationsTest" name="translateMethodTwoTranslations" time="0.001"/>
  <testcase classname="DictionaryOfManyTranslationsTest" name="testNonexistentWord" time="0"/>
  <testcase classname="DictionaryOfManyTranslationsTest" name="testAddingManyWords" time="0.001"/>
  <testcase classname="DictionaryOfManyTranslationsTest" name="noExtraVariables" time="0"/>
</testsuite>